d:\programowanie\github repos\projekt\call of sword\debug\call of sword.lib
d:\programowanie\github repos\projekt\call of sword\debug\call of sword.exp
d:\programowanie\github repos\projekt\call of sword\call of sword\debug\vc140.pdb
d:\programowanie\github repos\projekt\call of sword\call of sword\debug\vc140.idb
d:\programowanie\github repos\projekt\call of sword\call of sword\debug\guiimage.obj
d:\programowanie\github repos\projekt\call of sword\call of sword\debug\guifiledialog.obj
d:\programowanie\github repos\projekt\call of sword\call of sword\debug\guiinput.obj
d:\programowanie\github repos\projekt\call of sword\call of sword\debug\guilayout.obj
d:\programowanie\github repos\projekt\call of sword\call of sword\debug\guilayoutfactory.obj
d:\programowanie\github repos\projekt\call of sword\call of sword\debug\guimanager.obj
d:\programowanie\github repos\projekt\call of sword\call of sword\debug\guirefbutton.obj
d:\programowanie\github repos\projekt\call of sword\call of sword\debug\guirenderer.obj
d:\programowanie\github repos\projekt\call of sword\call of sword\debug\guirenderersdl.obj
d:\programowanie\github repos\projekt\call of sword\call of sword\debug\guiscrollbar.obj
d:\programowanie\github repos\projekt\call of sword\call of sword\debug\guishopdialog.obj
d:\programowanie\github repos\projekt\call of sword\call of sword\debug\guitext.obj
d:\programowanie\github repos\projekt\call of sword\call of sword\debug\guitreeview.obj
d:\programowanie\github repos\projekt\call of sword\call of sword\debug\guitreeviewlayout.obj
d:\programowanie\github repos\projekt\call of sword\call of sword\debug\guitreeviewnode.obj
d:\programowanie\github repos\projekt\call of sword\call of sword\debug\guiwindow.obj
d:\programowanie\github repos\projekt\call of sword\call of sword\debug\main.obj
d:\programowanie\github repos\projekt\call of sword\call of sword\debug\map.obj
d:\programowanie\github repos\projekt\call of sword\call of sword\debug\npc.obj
d:\programowanie\github repos\projekt\call of sword\call of sword\debug\player.obj
d:\programowanie\github repos\projekt\call of sword\call of sword\debug\camera.obj
d:\programowanie\github repos\projekt\call of sword\call of sword\debug\game.obj
d:\programowanie\github repos\projekt\call of sword\call of sword\debug\gametimer.obj
d:\programowanie\github repos\projekt\call of sword\call of sword\debug\gamewindow.obj
d:\programowanie\github repos\projekt\call of sword\call of sword\debug\bff_font.obj
d:\programowanie\github repos\projekt\call of sword\call of sword\debug\guibar.obj
d:\programowanie\github repos\projekt\call of sword\call of sword\debug\guibutton.obj
d:\programowanie\github repos\projekt\call of sword\call of sword\debug\guieditbox.obj
d:\programowanie\github repos\projekt\call of sword\call of sword\debug\guieditor.obj
d:\programowanie\github repos\projekt\call of sword\call of sword\debug\guifactory.obj
d:\programowanie\github repos\projekt\call of sword\call of sword\debug\statistics.obj
d:\programowanie\github repos\projekt\call of sword\call of sword\debug\gamemap.obj
d:\programowanie\github repos\projekt\call of sword\debug\call of sword.ilk
d:\programowanie\github repos\projekt\call of sword\debug\call of sword.exe
d:\programowanie\github repos\projekt\call of sword\debug\call of sword.pdb
d:\programowanie\github repos\projekt\call of sword\call of sword\debug\gamemap.obj.enc
d:\programowanie\github repos\projekt\call of sword\call of sword\debug\call of sword.tlog\call of sword.write.1u.tlog
d:\programowanie\github repos\projekt\call of sword\call of sword\debug\call of sword.tlog\cl.command.1.tlog
d:\programowanie\github repos\projekt\call of sword\call of sword\debug\call of sword.tlog\cl.read.1.tlog
d:\programowanie\github repos\projekt\call of sword\call of sword\debug\call of sword.tlog\cl.write.1.tlog
d:\programowanie\github repos\projekt\call of sword\call of sword\debug\call of sword.tlog\link.command.1.tlog
d:\programowanie\github repos\projekt\call of sword\call of sword\debug\call of sword.tlog\link.read.1.tlog
d:\programowanie\github repos\projekt\call of sword\call of sword\debug\call of sword.tlog\link.write.1.tlog
