  main.cpp
GuiTreeViewLayout.obj : error LNK2001: unresolved external symbol "class boost::system::error_category const & __cdecl boost::system::system_category(void)" (?system_category@system@boost@@YAAEBVerror_category@12@XZ)
GuiTreeViewNode.obj : error LNK2001: unresolved external symbol "class boost::system::error_category const & __cdecl boost::system::system_category(void)" (?system_category@system@boost@@YAAEBVerror_category@12@XZ)
GuiWindow.obj : error LNK2001: unresolved external symbol "class boost::system::error_category const & __cdecl boost::system::system_category(void)" (?system_category@system@boost@@YAAEBVerror_category@12@XZ)
main.obj : error LNK2001: unresolved external symbol "class boost::system::error_category const & __cdecl boost::system::system_category(void)" (?system_category@system@boost@@YAAEBVerror_category@12@XZ)
GuiScrollBar.obj : error LNK2001: unresolved external symbol "class boost::system::error_category const & __cdecl boost::system::system_category(void)" (?system_category@system@boost@@YAAEBVerror_category@12@XZ)
GuiShopDialog.obj : error LNK2001: unresolved external symbol "class boost::system::error_category const & __cdecl boost::system::system_category(void)" (?system_category@system@boost@@YAAEBVerror_category@12@XZ)
GuiText.obj : error LNK2001: unresolved external symbol "class boost::system::error_category const & __cdecl boost::system::system_category(void)" (?system_category@system@boost@@YAAEBVerror_category@12@XZ)
GuiTreeView.obj : error LNK2001: unresolved external symbol "class boost::system::error_category const & __cdecl boost::system::system_category(void)" (?system_category@system@boost@@YAAEBVerror_category@12@XZ)
GuiFileDialog.obj : error LNK2001: unresolved external symbol "class boost::system::error_category const & __cdecl boost::system::system_category(void)" (?system_category@system@boost@@YAAEBVerror_category@12@XZ)
GuiLayout.obj : error LNK2001: unresolved external symbol "class boost::system::error_category const & __cdecl boost::system::system_category(void)" (?system_category@system@boost@@YAAEBVerror_category@12@XZ)
GuiManager.obj : error LNK2001: unresolved external symbol "class boost::system::error_category const & __cdecl boost::system::system_category(void)" (?system_category@system@boost@@YAAEBVerror_category@12@XZ)
GuiRefButton.obj : error LNK2001: unresolved external symbol "class boost::system::error_category const & __cdecl boost::system::system_category(void)" (?system_category@system@boost@@YAAEBVerror_category@12@XZ)
Game.obj : error LNK2001: unresolved external symbol "class boost::system::error_category const & __cdecl boost::system::system_category(void)" (?system_category@system@boost@@YAAEBVerror_category@12@XZ)
GuiButton.obj : error LNK2001: unresolved external symbol "class boost::system::error_category const & __cdecl boost::system::system_category(void)" (?system_category@system@boost@@YAAEBVerror_category@12@XZ)
GuiEditBox.obj : error LNK2001: unresolved external symbol "class boost::system::error_category const & __cdecl boost::system::system_category(void)" (?system_category@system@boost@@YAAEBVerror_category@12@XZ)
GuiEditor.obj : error LNK2001: unresolved external symbol "class boost::system::error_category const & __cdecl boost::system::system_category(void)" (?system_category@system@boost@@YAAEBVerror_category@12@XZ)
GuiTreeViewLayout.obj : error LNK2001: unresolved external symbol "class boost::system::error_category const & __cdecl boost::system::generic_category(void)" (?generic_category@system@boost@@YAAEBVerror_category@12@XZ)
GuiTreeViewNode.obj : error LNK2001: unresolved external symbol "class boost::system::error_category const & __cdecl boost::system::generic_category(void)" (?generic_category@system@boost@@YAAEBVerror_category@12@XZ)
GuiWindow.obj : error LNK2001: unresolved external symbol "class boost::system::error_category const & __cdecl boost::system::generic_category(void)" (?generic_category@system@boost@@YAAEBVerror_category@12@XZ)
main.obj : error LNK2001: unresolved external symbol "class boost::system::error_category const & __cdecl boost::system::generic_category(void)" (?generic_category@system@boost@@YAAEBVerror_category@12@XZ)
GuiScrollBar.obj : error LNK2001: unresolved external symbol "class boost::system::error_category const & __cdecl boost::system::generic_category(void)" (?generic_category@system@boost@@YAAEBVerror_category@12@XZ)
GuiShopDialog.obj : error LNK2001: unresolved external symbol "class boost::system::error_category const & __cdecl boost::system::generic_category(void)" (?generic_category@system@boost@@YAAEBVerror_category@12@XZ)
GuiText.obj : error LNK2001: unresolved external symbol "class boost::system::error_category const & __cdecl boost::system::generic_category(void)" (?generic_category@system@boost@@YAAEBVerror_category@12@XZ)
GuiTreeView.obj : error LNK2001: unresolved external symbol "class boost::system::error_category const & __cdecl boost::system::generic_category(void)" (?generic_category@system@boost@@YAAEBVerror_category@12@XZ)
GuiFileDialog.obj : error LNK2001: unresolved external symbol "class boost::system::error_category const & __cdecl boost::system::generic_category(void)" (?generic_category@system@boost@@YAAEBVerror_category@12@XZ)
GuiLayout.obj : error LNK2001: unresolved external symbol "class boost::system::error_category const & __cdecl boost::system::generic_category(void)" (?generic_category@system@boost@@YAAEBVerror_category@12@XZ)
GuiManager.obj : error LNK2001: unresolved external symbol "class boost::system::error_category const & __cdecl boost::system::generic_category(void)" (?generic_category@system@boost@@YAAEBVerror_category@12@XZ)
GuiRefButton.obj : error LNK2001: unresolved external symbol "class boost::system::error_category const & __cdecl boost::system::generic_category(void)" (?generic_category@system@boost@@YAAEBVerror_category@12@XZ)
Game.obj : error LNK2001: unresolved external symbol "class boost::system::error_category const & __cdecl boost::system::generic_category(void)" (?generic_category@system@boost@@YAAEBVerror_category@12@XZ)
GuiButton.obj : error LNK2001: unresolved external symbol "class boost::system::error_category const & __cdecl boost::system::generic_category(void)" (?generic_category@system@boost@@YAAEBVerror_category@12@XZ)
GuiEditBox.obj : error LNK2001: unresolved external symbol "class boost::system::error_category const & __cdecl boost::system::generic_category(void)" (?generic_category@system@boost@@YAAEBVerror_category@12@XZ)
GuiEditor.obj : error LNK2001: unresolved external symbol "class boost::system::error_category const & __cdecl boost::system::generic_category(void)" (?generic_category@system@boost@@YAAEBVerror_category@12@XZ)
GuiFileDialog.obj : error LNK2019: unresolved external symbol "void __cdecl boost::filesystem::path_traits::convert(char const *,char const *,class std::basic_string<wchar_t,struct std::char_traits<wchar_t>,class std::allocator<wchar_t> > &,class std::codecvt<wchar_t,char,struct _Mbstatet> const &)" (?convert@path_traits@filesystem@boost@@YAXPEBD0AEAV?$basic_string@_WU?$char_traits@_W@std@@V?$allocator@_W@2@@std@@AEBV?$codecvt@_WDU_Mbstatet@@@5@@Z) referenced in function "void __cdecl boost::filesystem::path_traits::convert(char const *,char const *,class std::basic_string<wchar_t,struct std::char_traits<wchar_t>,class std::allocator<wchar_t> > &)" (?convert@path_traits@filesystem@boost@@YAXPEBD0AEAV?$basic_string@_WU?$char_traits@_W@std@@V?$allocator@_W@2@@std@@@Z)
GuiFileDialog.obj : error LNK2019: unresolved external symbol "public: class std::basic_string<char,struct std::char_traits<char>,class std::allocator<char> > const __cdecl boost::filesystem::path::generic_string(void)const " (?generic_string@path@filesystem@boost@@QEBA?BV?$basic_string@DU?$char_traits@D@std@@V?$allocator@D@2@@std@@XZ) referenced in function "public: __cdecl GuiFileDialog::GuiFileDialog(struct glm::tvec2<float,0>)" (??0GuiFileDialog@@QEAA@U?$tvec2@M$0A@@glm@@@Z)
GuiFileDialog.obj : error LNK2019: unresolved external symbol "public: static class std::codecvt<wchar_t,char,struct _Mbstatet> const & __cdecl boost::filesystem::path::codecvt(void)" (?codecvt@path@filesystem@boost@@SAAEBV?$codecvt@_WDU_Mbstatet@@@std@@XZ) referenced in function "void __cdecl boost::filesystem::path_traits::convert(char const *,char const *,class std::basic_string<wchar_t,struct std::char_traits<wchar_t>,class std::allocator<wchar_t> > &)" (?convert@path_traits@filesystem@boost@@YAXPEBD0AEAV?$basic_string@_WU?$char_traits@_W@std@@V?$allocator@_W@2@@std@@@Z)
GuiFileDialog.obj : error LNK2019: unresolved external symbol "class boost::filesystem::file_status __cdecl boost::filesystem::detail::status(class boost::filesystem::path const &,class boost::system::error_code *)" (?status@detail@filesystem@boost@@YA?AVfile_status@23@AEBVpath@23@PEAVerror_code@system@3@@Z) referenced in function "bool __cdecl boost::filesystem::exists(class boost::filesystem::path const &)" (?exists@filesystem@boost@@YA_NAEBVpath@12@@Z)
GuiFileDialog.obj : error LNK2019: unresolved external symbol "class boost::system::error_code __cdecl boost::filesystem::detail::dir_itr_close(void * &)" (?dir_itr_close@detail@filesystem@boost@@YA?AVerror_code@system@3@AEAPEAX@Z) referenced in function "public: __cdecl boost::filesystem::detail::dir_itr_imp::~dir_itr_imp(void)" (??1dir_itr_imp@detail@filesystem@boost@@QEAA@XZ)
GuiFileDialog.obj : error LNK2019: unresolved external symbol "void __cdecl boost::filesystem::detail::directory_iterator_construct(class boost::filesystem::directory_iterator &,class boost::filesystem::path const &,class boost::system::error_code *)" (?directory_iterator_construct@detail@filesystem@boost@@YAXAEAVdirectory_iterator@23@AEBVpath@23@PEAVerror_code@system@3@@Z) referenced in function "public: __cdecl boost::filesystem::directory_iterator::directory_iterator(class boost::filesystem::path const &)" (??0directory_iterator@filesystem@boost@@QEAA@AEBVpath@12@@Z)
GuiFileDialog.obj : error LNK2019: unresolved external symbol "void __cdecl boost::filesystem::detail::directory_iterator_increment(class boost::filesystem::directory_iterator &,class boost::system::error_code *)" (?directory_iterator_increment@detail@filesystem@boost@@YAXAEAVdirectory_iterator@23@PEAVerror_code@system@3@@Z) referenced in function "private: void __cdecl boost::filesystem::directory_iterator::increment(void)" (?increment@directory_iterator@filesystem@boost@@AEAAXXZ)
GuiRendererSDL.obj : error LNK2019: unresolved external symbol __imp_FreeImage_Load referenced in function "public: virtual void * __cdecl GuiRendererSDL::loadTexture(class std::basic_string<char,struct std::char_traits<char>,class std::allocator<char> >)" (?loadTexture@GuiRendererSDL@@UEAAPEAXV?$basic_string@DU?$char_traits@D@std@@V?$allocator@D@2@@std@@@Z)
GuiRendererSDL.obj : error LNK2019: unresolved external symbol __imp_FreeImage_GetFIFFromFilename referenced in function "public: virtual void * __cdecl GuiRendererSDL::loadTexture(class std::basic_string<char,struct std::char_traits<char>,class std::allocator<char> >)" (?loadTexture@GuiRendererSDL@@UEAAPEAXV?$basic_string@DU?$char_traits@D@std@@V?$allocator@D@2@@std@@@Z)
GuiRendererSDL.obj : error LNK2019: unresolved external symbol __imp_FreeImage_GetBits referenced in function "public: virtual void * __cdecl GuiRendererSDL::loadTexture(class std::basic_string<char,struct std::char_traits<char>,class std::allocator<char> >)" (?loadTexture@GuiRendererSDL@@UEAAPEAXV?$basic_string@DU?$char_traits@D@std@@V?$allocator@D@2@@std@@@Z)
GuiRendererSDL.obj : error LNK2019: unresolved external symbol __imp_FreeImage_GetBPP referenced in function "public: virtual void * __cdecl GuiRendererSDL::loadTexture(class std::basic_string<char,struct std::char_traits<char>,class std::allocator<char> >)" (?loadTexture@GuiRendererSDL@@UEAAPEAXV?$basic_string@DU?$char_traits@D@std@@V?$allocator@D@2@@std@@@Z)
GuiRendererSDL.obj : error LNK2019: unresolved external symbol __imp_FreeImage_GetWidth referenced in function "public: virtual void * __cdecl GuiRendererSDL::loadTexture(class std::basic_string<char,struct std::char_traits<char>,class std::allocator<char> >)" (?loadTexture@GuiRendererSDL@@UEAAPEAXV?$basic_string@DU?$char_traits@D@std@@V?$allocator@D@2@@std@@@Z)
GuiRendererSDL.obj : error LNK2019: unresolved external symbol __imp_FreeImage_GetHeight referenced in function "public: virtual void * __cdecl GuiRendererSDL::loadTexture(class std::basic_string<char,struct std::char_traits<char>,class std::allocator<char> >)" (?loadTexture@GuiRendererSDL@@UEAAPEAXV?$basic_string@DU?$char_traits@D@std@@V?$allocator@D@2@@std@@@Z)
GuiRendererSDL.obj : error LNK2019: unresolved external symbol __imp_FreeImage_FlipVertical referenced in function "public: virtual void * __cdecl GuiRendererSDL::loadTexture(class std::basic_string<char,struct std::char_traits<char>,class std::allocator<char> >)" (?loadTexture@GuiRendererSDL@@UEAAPEAXV?$basic_string@DU?$char_traits@D@std@@V?$allocator@D@2@@std@@@Z)
C:\Program Files (x86)\Microsoft Visual Studio 14.0\VC\lib\amd64\libboost_filesystem-vc140-mt-gd-1_64.lib : warning LNK4272: library machine type 'X86' conflicts with target machine type 'x64'
C:\Program Files (x86)\Microsoft Visual Studio 14.0\VC\lib\boost64\system\build\msvc-14.0\debug\link-static\threading-multi\libboost_system-vc140-mt-gd-1_64.lib : warning LNK4272: library machine type 'X86' conflicts with target machine type 'x64'
C:\Program Files (x86)\Microsoft Visual Studio 14.0\VC\lib\FreeImage\FreeImage.lib : warning LNK4272: library machine type 'X86' conflicts with target machine type 'x64'
D:\Programowanie\GitHub Repos\Projekt\Call of Sword\x64\Debug\Call of Sword.exe : fatal error LNK1120: 16 unresolved externals
